<?xml version="1.0" encoding="UTF-8"?>
<testsuite name="service.CalculationServiceImplTest" tests="1" skipped="0" failures="0" errors="0" timestamp="2025-06-19T05:47:50" hostname="DESKTOP-V8BL1R8" time="0.975">
  <properties/>
  <testcase name="calculate_successfulCalculationAndHistorySaved()" classname="service.CalculationServiceImplTest" time="0.975"/>
  <system-out><![CDATA[]]></system-out>
  <system-err><![CDATA[WARNING: A Java agent has been loaded dynamically (C:\Users\yamir\.gradle\caches\modules-2\files-2.1\net.bytebuddy\byte-buddy-agent\1.14.13\979ce25f7d3096a2e82214ba7dc972a05ce7a171\byte-buddy-agent-1.14.13.jar)
WARNING: If a serviceability tool is in use, please run with -XX:+EnableDynamicAgentLoading to hide this warning
WARNING: If a serviceability tool is not in use, please run with -Djdk.instrument.traceUsage for more information
WARNING: Dynamic loading of agents will be disallowed by default in a future release
]]></system-err>
</testsuite>
