<?xml version="1.0" encoding="UTF-8"?>
<testsuite name="service.ExternalPercentageServiceImplTest" tests="2" skipped="0" failures="0" errors="0" timestamp="2025-06-19T05:47:51" hostname="DESKTOP-V8BL1R8" time="0.047">
  <properties/>
  <testcase name="getPercentage_cacheHit()" classname="service.ExternalPercentageServiceImplTest" time="0.043"/>
  <testcase name="getPercentage_cacheMiss_thenCachePut()" classname="service.ExternalPercentageServiceImplTest" time="0.003"/>
  <system-out><![CDATA[]]></system-out>
  <system-err><![CDATA[]]></system-err>
</testsuite>
